"F:/SGA_UE4/UECPP_GetOutMyWay/Content/VigilanteContent/Shared/Particles/Materials/MasterMaterials/M_Shell.uasset" 0
"F:/SGA_UE4/UECPP_GetOutMyWay/Content/VigilanteContent/Shared/Particles/Materials/MasterMaterials/M_Shell.uexp" 1
"F:/SGA_UE4/UECPP_GetOutMyWay/Content/BP/Projectile/BP_Projectile.uasset" 2
"F:/SGA_UE4/UECPP_GetOutMyWay/Content/BP/Projectile/BP_Projectile.uexp" 3
"F:/SGA_UE4/UECPP_GetOutMyWay/Content/BP/Sound/Attenuation/EngineSoundAttenuation.uasset" 4
"F:/SGA_UE4/UECPP_GetOutMyWay/Content/BP/Sound/Attenuation/EngineSoundAttenuation.uexp" 5
"F:/SGA_UE4/UECPP_GetOutMyWay/Content/BP/Sound/Attenuation/MainGunSoundAttenuation.uasset" 6
"F:/SGA_UE4/UECPP_GetOutMyWay/Content/BP/Sound/Attenuation/MainGunSoundAttenuation.uexp" 7
"F:/SGA_UE4/UECPP_GetOutMyWay/Content/BP/Sound/Attenuation/TurretSoundAttenuation.uasset" 8
"F:/SGA_UE4/UECPP_GetOutMyWay/Content/BP/Sound/Attenuation/TurretSoundAttenuation.uexp" 9
"F:/SGA_UE4/UECPP_GetOutMyWay/Content/Data/Tank/Curve/FCurv_EngineTorque.uasset" 10
"F:/SGA_UE4/UECPP_GetOutMyWay/Content/Data/Tank/Curve/FCurv_EngineTorque.uexp" 11
"F:/SGA_UE4/UECPP_GetOutMyWay/Content/Sound/Tank/Engine/M1A2_Start_Idle_Stop_Wave_0_0_0.uasset" 12
"F:/SGA_UE4/UECPP_GetOutMyWay/Content/Sound/Tank/Engine/M1A2_Start_Idle_Stop_Wave_0_0_0.uexp" 13
"F:/SGA_UE4/UECPP_GetOutMyWay/Content/BP/Sound/SoundMaster.uasset" 14
"F:/SGA_UE4/UECPP_GetOutMyWay/Content/BP/Sound/SoundMaster.uexp" 15
"F:/SGA_UE4/UECPP_GetOutMyWay/Content/BP/Sound/SFX.uasset" 16
"F:/SGA_UE4/UECPP_GetOutMyWay/Content/BP/Sound/SFX.uexp" 17
"F:/SGA_UE4/UECPP_GetOutMyWay/Content/Sound/Tank/Engine/M1A2_Start_Idle_Stop_Wave_0_0_1.uasset" 18
"F:/SGA_UE4/UECPP_GetOutMyWay/Content/Sound/Tank/Engine/M1A2_Start_Idle_Stop_Wave_0_0_1.uexp" 19
"F:/SGA_UE4/UECPP_GetOutMyWay/Content/Sound/Tank/Engine/M1A2_Start_Idle_Stop_Wave_0_0_2.uasset" 20
"F:/SGA_UE4/UECPP_GetOutMyWay/Content/Sound/Tank/Engine/M1A2_Start_Idle_Stop_Wave_0_0_2.uexp" 21
"F:/SGA_UE4/UECPP_GetOutMyWay/Content/Sound/Tank/Engine/M1A2_SuperTurbine_Wave_0_0_0.uasset" 22
"F:/SGA_UE4/UECPP_GetOutMyWay/Content/Sound/Tank/Engine/M1A2_SuperTurbine_Wave_0_0_0.uexp" 23
"F:/SGA_UE4/UECPP_GetOutMyWay/Content/Sound/Tank/Engine/M1A2_SuperTurbine_Wave_0_0_1.uasset" 24
"F:/SGA_UE4/UECPP_GetOutMyWay/Content/Sound/Tank/Engine/M1A2_SuperTurbine_Wave_0_0_1.uexp" 25
"F:/SGA_UE4/UECPP_GetOutMyWay/Content/Sound/Tank/Engine/M1A2_SuperTurbine_Wave_0_0_2.uasset" 26
"F:/SGA_UE4/UECPP_GetOutMyWay/Content/Sound/Tank/Engine/M1A2_SuperTurbine_Wave_0_0_2.uexp" 27
"F:/SGA_UE4/UECPP_GetOutMyWay/Content/Sound/Tank/Fire/120mm_Cannon_Fire_Close_Wave_0_0_0.uasset" 28
"F:/SGA_UE4/UECPP_GetOutMyWay/Content/Sound/Tank/Fire/120mm_Cannon_Fire_Close_Wave_0_0_0.uexp" 29
"F:/SGA_UE4/UECPP_GetOutMyWay/Content/Sound/Tank/Fire/120mm_Cannon_Fire_Close_Wave_0_0_0_Cue.uasset" 30
"F:/SGA_UE4/UECPP_GetOutMyWay/Content/Sound/Tank/Fire/120mm_Cannon_Fire_Close_Wave_0_0_0_Cue.uexp" 31
"F:/SGA_UE4/UECPP_GetOutMyWay/Content/Sound/Tank/Fire/120mm_Cannon_Fire_Close_Wave_1_0_0.uasset" 32
"F:/SGA_UE4/UECPP_GetOutMyWay/Content/Sound/Tank/Fire/120mm_Cannon_Fire_Close_Wave_1_0_0.uexp" 33
"F:/SGA_UE4/UECPP_GetOutMyWay/Content/Sound/Tank/Fire/120mm_Cannon_Fire_Close_Wave_1_0_0_Cue.uasset" 34
"F:/SGA_UE4/UECPP_GetOutMyWay/Content/Sound/Tank/Fire/120mm_Cannon_Fire_Close_Wave_1_0_0_Cue.uexp" 35
"F:/SGA_UE4/UECPP_GetOutMyWay/Content/Sound/Tank/Fire/120mm_Cannon_HiFi_Wave_0_0_0.uasset" 36
"F:/SGA_UE4/UECPP_GetOutMyWay/Content/Sound/Tank/Fire/120mm_Cannon_HiFi_Wave_0_0_0.uexp" 37
"F:/SGA_UE4/UECPP_GetOutMyWay/Content/Sound/Tank/Fire/120mm_Cannon_HiFi_Wave_0_0_0_Cue.uasset" 38
"F:/SGA_UE4/UECPP_GetOutMyWay/Content/Sound/Tank/Fire/120mm_Cannon_HiFi_Wave_0_0_0_Cue.uexp" 39
"F:/SGA_UE4/UECPP_GetOutMyWay/Content/Sound/Tank/Fire/120mm_Cannon_HiFi_Wave_1_0_0.uasset" 40
"F:/SGA_UE4/UECPP_GetOutMyWay/Content/Sound/Tank/Fire/120mm_Cannon_HiFi_Wave_1_0_0.uexp" 41
"F:/SGA_UE4/UECPP_GetOutMyWay/Content/Sound/Tank/Fire/120mm_Cannon_HiFi_Wave_1_0_0_Cue.uasset" 42
"F:/SGA_UE4/UECPP_GetOutMyWay/Content/Sound/Tank/Fire/120mm_Cannon_HiFi_Wave_1_0_0_Cue.uexp" 43
"F:/SGA_UE4/UECPP_GetOutMyWay/Content/Sound/Tank/Fire/120mm_Cannon_HiFi_Wave_2_0_0.uasset" 44
"F:/SGA_UE4/UECPP_GetOutMyWay/Content/Sound/Tank/Fire/120mm_Cannon_HiFi_Wave_2_0_0.uexp" 45
"F:/SGA_UE4/UECPP_GetOutMyWay/Content/Sound/Tank/Fire/120mm_Cannon_HiFi_Wave_2_0_0_Cue.uasset" 46
"F:/SGA_UE4/UECPP_GetOutMyWay/Content/Sound/Tank/Fire/120mm_Cannon_HiFi_Wave_2_0_0_Cue.uexp" 47
"F:/SGA_UE4/UECPP_GetOutMyWay/Content/Sound/Tank/Fire/120mm_Cannon_HiFi_Wave_3_0_0.uasset" 48
"F:/SGA_UE4/UECPP_GetOutMyWay/Content/Sound/Tank/Fire/120mm_Cannon_HiFi_Wave_3_0_0.uexp" 49
"F:/SGA_UE4/UECPP_GetOutMyWay/Content/Sound/Tank/Fire/120mm_Cannon_HiFi_Wave_3_0_0_Cue.uasset" 50
"F:/SGA_UE4/UECPP_GetOutMyWay/Content/Sound/Tank/Fire/120mm_Cannon_HiFi_Wave_3_0_0_Cue.uexp" 51
"F:/SGA_UE4/UECPP_GetOutMyWay/Content/Sound/Tank/Reload/120mm_Cannon_Reload_M1A2_End_Wave_0_0_0.uasset" 52
"F:/SGA_UE4/UECPP_GetOutMyWay/Content/Sound/Tank/Reload/120mm_Cannon_Reload_M1A2_End_Wave_0_0_0.uexp" 53
"F:/SGA_UE4/UECPP_GetOutMyWay/Content/Sound/Tank/Reload/120mm_Cannon_Reload_M1A2_End_Wave_0_0_0_Cue.uasset" 54
"F:/SGA_UE4/UECPP_GetOutMyWay/Content/Sound/Tank/Reload/120mm_Cannon_Reload_M1A2_End_Wave_0_0_0_Cue.uexp" 55
"F:/SGA_UE4/UECPP_GetOutMyWay/Content/Sound/Tank/Reload/120mm_Cannon_Reload_M1A2_End_Wave_1_0_0.uasset" 56
"F:/SGA_UE4/UECPP_GetOutMyWay/Content/Sound/Tank/Reload/120mm_Cannon_Reload_M1A2_End_Wave_1_0_0.uexp" 57
"F:/SGA_UE4/UECPP_GetOutMyWay/Content/Sound/Tank/Reload/120mm_Cannon_Reload_M1A2_End_Wave_1_0_0_Cue.uasset" 58
"F:/SGA_UE4/UECPP_GetOutMyWay/Content/Sound/Tank/Reload/120mm_Cannon_Reload_M1A2_End_Wave_1_0_0_Cue.uexp" 59
"F:/SGA_UE4/UECPP_GetOutMyWay/Content/Sound/Tank/Reload/120mm_Cannon_Reload_M1A2_End_Wave_2_0_0.uasset" 60
"F:/SGA_UE4/UECPP_GetOutMyWay/Content/Sound/Tank/Reload/120mm_Cannon_Reload_M1A2_End_Wave_2_0_0.uexp" 61
"F:/SGA_UE4/UECPP_GetOutMyWay/Content/Sound/Tank/Reload/120mm_Cannon_Reload_M1A2_End_Wave_2_0_0_Cue.uasset" 62
"F:/SGA_UE4/UECPP_GetOutMyWay/Content/Sound/Tank/Reload/120mm_Cannon_Reload_M1A2_End_Wave_2_0_0_Cue.uexp" 63
"F:/SGA_UE4/UECPP_GetOutMyWay/Content/Sound/Tank/Reload/120mm_Cannon_Reload_M1A2_Wave_0_0_0.uasset" 64
"F:/SGA_UE4/UECPP_GetOutMyWay/Content/Sound/Tank/Reload/120mm_Cannon_Reload_M1A2_Wave_0_0_0.uexp" 65
"F:/SGA_UE4/UECPP_GetOutMyWay/Content/Sound/Tank/Reload/120mm_Cannon_Reload_M1A2_Wave_0_0_0_Cue.uasset" 66
"F:/SGA_UE4/UECPP_GetOutMyWay/Content/Sound/Tank/Reload/120mm_Cannon_Reload_M1A2_Wave_0_0_0_Cue.uexp" 67
"F:/SGA_UE4/UECPP_GetOutMyWay/Content/Sound/Tank/Turret/Turret_Loop_01_Wave_0_0_0.uasset" 68
"F:/SGA_UE4/UECPP_GetOutMyWay/Content/Sound/Tank/Turret/Turret_Loop_01_Wave_0_0_0.uexp" 69
"F:/SGA_UE4/UECPP_GetOutMyWay/Content/Sound/Tank/Turret/Turret_Start_Stop_Wave_0_3_0.uasset" 70
"F:/SGA_UE4/UECPP_GetOutMyWay/Content/Sound/Tank/Turret/Turret_Start_Stop_Wave_0_3_0.uexp" 71
"F:/SGA_UE4/UECPP_GetOutMyWay/Content/VigilanteContent/Shared/Levels/Platform/LOGO/Materials/Textures/T_Vigilante_Logo_N.uasset" 72
"F:/SGA_UE4/UECPP_GetOutMyWay/Content/VigilanteContent/Shared/Levels/Platform/LOGO/Materials/Textures/T_Vigilante_Logo_N.uexp" 73
"F:/SGA_UE4/UECPP_GetOutMyWay/Content/VigilanteContent/Shared/Levels/Platform/LOGO/Materials/Textures/T_Vigilante_Logo_N.ubulk" 74
"F:/SGA_UE4/UECPP_GetOutMyWay/Content/VigilanteContent/Shared/Levels/Platform/LOGO/Materials/Textures/T_Vigilante_Logo_D.uasset" 75
"F:/SGA_UE4/UECPP_GetOutMyWay/Content/VigilanteContent/Shared/Levels/Platform/LOGO/Materials/Textures/T_Vigilante_Logo_D.uexp" 76
"F:/SGA_UE4/UECPP_GetOutMyWay/Content/VigilanteContent/Shared/Levels/Platform/LOGO/Materials/Textures/T_Vigilante_Logo_D.ubulk" 77
"F:/SGA_UE4/UECPP_GetOutMyWay/Content/VigilanteContent/Shared/Levels/Platform/LOGO/Materials/Textures/T_Vigilante_Logo_ARM.uasset" 78
"F:/SGA_UE4/UECPP_GetOutMyWay/Content/VigilanteContent/Shared/Levels/Platform/LOGO/Materials/Textures/T_Vigilante_Logo_ARM.uexp" 79
"F:/SGA_UE4/UECPP_GetOutMyWay/Content/VigilanteContent/Shared/Levels/Platform/LOGO/Materials/Textures/T_Vigilante_Logo_ARM.ubulk" 80
"F:/SGA_UE4/UECPP_GetOutMyWay/Content/VigilanteContent/Shared/Levels/Platform/LOGO/Materials/M_Vigilante_Logo.uasset" 81
"F:/SGA_UE4/UECPP_GetOutMyWay/Content/VigilanteContent/Shared/Levels/Platform/LOGO/Materials/M_Vigilante_Logo.uexp" 82
"F:/SGA_UE4/UECPP_GetOutMyWay/Content/VigilanteContent/Shared/Particles/Textures/Smoke/T_8X8_Smokes_02.uasset" 83
"F:/SGA_UE4/UECPP_GetOutMyWay/Content/VigilanteContent/Shared/Particles/Textures/Smoke/T_8X8_Smokes_02.uexp" 84
"F:/SGA_UE4/UECPP_GetOutMyWay/Content/VigilanteContent/Shared/Particles/Textures/Smoke/T_8X8_Smokes_02.ubulk" 85
"F:/SGA_UE4/UECPP_GetOutMyWay/Content/VigilanteContent/Shared/Particles/Materials/MasterMaterials/M_8X8_DustWheel_01_M_2.uasset" 86
"F:/SGA_UE4/UECPP_GetOutMyWay/Content/VigilanteContent/Shared/Particles/Materials/MasterMaterials/M_8X8_DustWheel_01_M_2.uexp" 87
"F:/SGA_UE4/UECPP_GetOutMyWay/Content/VigilanteContent/Shared/Particles/Textures/Debris/T_2x2_Dusts_01_BC.uasset" 88
"F:/SGA_UE4/UECPP_GetOutMyWay/Content/VigilanteContent/Shared/Particles/Textures/Debris/T_2x2_Dusts_01_BC.uexp" 89
"F:/SGA_UE4/UECPP_GetOutMyWay/Content/VigilanteContent/Shared/Particles/Textures/Debris/T_2x2_Dusts_01_BC.ubulk" 90
"F:/SGA_UE4/UECPP_GetOutMyWay/Content/VigilanteContent/Shared/Particles/Textures/Normals/T_BlurNormalSphere_N.uasset" 91
"F:/SGA_UE4/UECPP_GetOutMyWay/Content/VigilanteContent/Shared/Particles/Textures/Normals/T_BlurNormalSphere_N.uexp" 92
"F:/SGA_UE4/UECPP_GetOutMyWay/Content/VigilanteContent/Shared/Particles/Textures/Normals/T_BlurNormalSphere_N.ubulk" 93
"F:/SGA_UE4/UECPP_GetOutMyWay/Content/VigilanteContent/Shared/Particles/Materials/MasterMaterials/M_2X2_SubUV_Debris_01_M.uasset" 94
"F:/SGA_UE4/UECPP_GetOutMyWay/Content/VigilanteContent/Shared/Particles/Materials/MasterMaterials/M_2X2_SubUV_Debris_01_M.uexp" 95
"F:/SGA_UE4/UECPP_GetOutMyWay/Content/VigilanteContent/Shared/Particles/ParticleSystems/PS_Dust_WheelTrack_03.uasset" 96
"F:/SGA_UE4/UECPP_GetOutMyWay/Content/VigilanteContent/Shared/Particles/ParticleSystems/PS_Dust_WheelTrack_03.uexp" 97
"F:/SGA_UE4/UECPP_GetOutMyWay/Content/VigilanteContent/Shared/Particles/Materials/MasterMaterials/M_Shell_01_M.uasset" 98
"F:/SGA_UE4/UECPP_GetOutMyWay/Content/VigilanteContent/Shared/Particles/Materials/MasterMaterials/M_Shell_01_M.uexp" 99
"F:/SGA_UE4/UECPP_GetOutMyWay/Content/VigilanteContent/Shared/Particles/StaticMeshes/SM_BulletShell_01.uasset" 100
"F:/SGA_UE4/UECPP_GetOutMyWay/Content/VigilanteContent/Shared/Particles/StaticMeshes/SM_BulletShell_01.uexp" 101
"F:/SGA_UE4/UECPP_GetOutMyWay/Content/VigilanteContent/Shared/Particles/Textures/Engine/T_Stencil_Sphere_Ring_CH_01.uasset" 102
"F:/SGA_UE4/UECPP_GetOutMyWay/Content/VigilanteContent/Shared/Particles/Textures/Engine/T_Stencil_Sphere_Ring_CH_01.uexp" 103
"F:/SGA_UE4/UECPP_GetOutMyWay/Content/VigilanteContent/Shared/Particles/Textures/Engine/T_Stencil_Sphere_Ring_CH_01.ubulk" 104
"F:/SGA_UE4/UECPP_GetOutMyWay/Content/VigilanteContent/Shared/Particles/Textures/Engine/T_Cone_EngineBooster_01_CH.uasset" 105
"F:/SGA_UE4/UECPP_GetOutMyWay/Content/VigilanteContent/Shared/Particles/Textures/Engine/T_Cone_EngineBooster_01_CH.uexp" 106
"F:/SGA_UE4/UECPP_GetOutMyWay/Content/VigilanteContent/Shared/Particles/Textures/Engine/T_Cone_EngineBooster_01_CH.ubulk" 107
"../../../Engine/Content/Functions/Engine_MaterialFunctions01/Gradient/LinearGradient.uasset" 108
"../../../Engine/Content/Functions/Engine_MaterialFunctions01/Gradient/LinearGradient.uexp" 109
"F:/SGA_UE4/UECPP_GetOutMyWay/Content/VigilanteContent/Shared/Particles/Textures/Smoke/T_Smoke_Variation_01_CH.uasset" 110
"F:/SGA_UE4/UECPP_GetOutMyWay/Content/VigilanteContent/Shared/Particles/Textures/Smoke/T_Smoke_Variation_01_CH.uexp" 111
"F:/SGA_UE4/UECPP_GetOutMyWay/Content/VigilanteContent/Shared/Particles/Textures/Smoke/T_Smoke_Variation_01_CH.ubulk" 112
"F:/SGA_UE4/UECPP_GetOutMyWay/Content/VigilanteContent/Shared/Particles/Materials/MasterMaterials/M_Cone_Engine_02_M.uasset" 113
"F:/SGA_UE4/UECPP_GetOutMyWay/Content/VigilanteContent/Shared/Particles/Materials/MasterMaterials/M_Cone_Engine_02_M.uexp" 114
"F:/SGA_UE4/UECPP_GetOutMyWay/Content/VigilanteContent/Shared/Particles/StaticMeshes/SM_RocketBooster_02_SM.uasset" 115
"F:/SGA_UE4/UECPP_GetOutMyWay/Content/VigilanteContent/Shared/Particles/StaticMeshes/SM_RocketBooster_02_SM.uexp" 116
"F:/SGA_UE4/UECPP_GetOutMyWay/Content/VigilanteContent/Shared/Particles/StaticMeshes/SM_RocketBooster_03_SM.uasset" 117
"F:/SGA_UE4/UECPP_GetOutMyWay/Content/VigilanteContent/Shared/Particles/StaticMeshes/SM_RocketBooster_03_SM.uexp" 118
"F:/SGA_UE4/UECPP_GetOutMyWay/Content/VigilanteContent/Vehicles/West_Tank_M1A1Abrams/SKEL_West_Tank_M1A1Abrams.uasset" 119
"F:/SGA_UE4/UECPP_GetOutMyWay/Content/VigilanteContent/Vehicles/West_Tank_M1A1Abrams/SKEL_West_Tank_M1A1Abrams.uexp" 120
"F:/SGA_UE4/UECPP_GetOutMyWay/Content/VigilanteContent/Vehicles/West_Tank_M1A1Abrams/Materials/Textures/T_West_Tank_M1A1Abrams_Track_N.uasset" 121
"F:/SGA_UE4/UECPP_GetOutMyWay/Content/VigilanteContent/Vehicles/West_Tank_M1A1Abrams/Materials/Textures/T_West_Tank_M1A1Abrams_Track_N.uexp" 122
"F:/SGA_UE4/UECPP_GetOutMyWay/Content/VigilanteContent/Vehicles/West_Tank_M1A1Abrams/Materials/Textures/T_West_Tank_M1A1Abrams_Track_N.ubulk" 123
"F:/SGA_UE4/UECPP_GetOutMyWay/Content/VigilanteContent/Vehicles/West_Tank_M1A1Abrams/Materials/Textures/T_West_Tank_M1A1Abrams_Track_D.uasset" 124
"F:/SGA_UE4/UECPP_GetOutMyWay/Content/VigilanteContent/Vehicles/West_Tank_M1A1Abrams/Materials/Textures/T_West_Tank_M1A1Abrams_Track_D.uexp" 125
"F:/SGA_UE4/UECPP_GetOutMyWay/Content/VigilanteContent/Vehicles/West_Tank_M1A1Abrams/Materials/Textures/T_West_Tank_M1A1Abrams_Track_D.ubulk" 126
"F:/SGA_UE4/UECPP_GetOutMyWay/Content/VigilanteContent/Vehicles/West_Tank_M1A1Abrams/Materials/Textures/T_West_Tank_M1A1Abrams_Track_ARM.uasset" 127
"F:/SGA_UE4/UECPP_GetOutMyWay/Content/VigilanteContent/Vehicles/West_Tank_M1A1Abrams/Materials/Textures/T_West_Tank_M1A1Abrams_Track_ARM.uexp" 128
"F:/SGA_UE4/UECPP_GetOutMyWay/Content/VigilanteContent/Vehicles/West_Tank_M1A1Abrams/Materials/Textures/T_West_Tank_M1A1Abrams_Track_ARM.ubulk" 129
"F:/SGA_UE4/UECPP_GetOutMyWay/Content/VigilanteContent/Vehicles/West_Tank_M1A1Abrams/Materials/M_West_Tank_M1A1Abrams_Tracks.uasset" 130
"F:/SGA_UE4/UECPP_GetOutMyWay/Content/VigilanteContent/Vehicles/West_Tank_M1A1Abrams/Materials/M_West_Tank_M1A1Abrams_Tracks.uexp" 131
"F:/SGA_UE4/UECPP_GetOutMyWay/Content/VigilanteContent/Vehicles/West_Tank_M1A1Abrams/Materials/M_West_Tank_M1A1Abrams_Tracks_Inst.uasset" 132
"F:/SGA_UE4/UECPP_GetOutMyWay/Content/VigilanteContent/Vehicles/West_Tank_M1A1Abrams/Materials/M_West_Tank_M1A1Abrams_Tracks_Inst.uexp" 133
"F:/SGA_UE4/UECPP_GetOutMyWay/Content/VigilanteContent/Vehicles/West_Tank_M1A1Abrams/ABP_West_Tank_M1A1Abrams.uasset" 134
"F:/SGA_UE4/UECPP_GetOutMyWay/Content/VigilanteContent/Vehicles/West_Tank_M1A1Abrams/ABP_West_Tank_M1A1Abrams.uexp" 135
"F:/SGA_UE4/UECPP_GetOutMyWay/Content/VigilanteContent/Vehicles/West_Tank_M1A1Abrams/Materials/Textures/T_West_Tank_M1A1Abrams_N.uasset" 136
"F:/SGA_UE4/UECPP_GetOutMyWay/Content/VigilanteContent/Vehicles/West_Tank_M1A1Abrams/Materials/Textures/T_West_Tank_M1A1Abrams_N.uexp" 137
"F:/SGA_UE4/UECPP_GetOutMyWay/Content/VigilanteContent/Vehicles/West_Tank_M1A1Abrams/Materials/Textures/T_West_Tank_M1A1Abrams_N.ubulk" 138
"F:/SGA_UE4/UECPP_GetOutMyWay/Content/VigilanteContent/Vehicles/West_Tank_M1A1Abrams/Materials/Textures/T_West_Tank_M1A1Abrams_E.uasset" 139
"F:/SGA_UE4/UECPP_GetOutMyWay/Content/VigilanteContent/Vehicles/West_Tank_M1A1Abrams/Materials/Textures/T_West_Tank_M1A1Abrams_E.uexp" 140
"F:/SGA_UE4/UECPP_GetOutMyWay/Content/VigilanteContent/Vehicles/West_Tank_M1A1Abrams/Materials/Textures/T_West_Tank_M1A1Abrams_E.ubulk" 141
"F:/SGA_UE4/UECPP_GetOutMyWay/Content/VigilanteContent/Vehicles/West_Tank_M1A1Abrams/Materials/Textures/T_West_Tank_M1A1Abrams_D_Forest.uasset" 142
"F:/SGA_UE4/UECPP_GetOutMyWay/Content/VigilanteContent/Vehicles/West_Tank_M1A1Abrams/Materials/Textures/T_West_Tank_M1A1Abrams_D_Forest.uexp" 143
"F:/SGA_UE4/UECPP_GetOutMyWay/Content/VigilanteContent/Vehicles/West_Tank_M1A1Abrams/Materials/Textures/T_West_Tank_M1A1Abrams_D_Forest.ubulk" 144
"F:/SGA_UE4/UECPP_GetOutMyWay/Content/VigilanteContent/Vehicles/West_Tank_M1A1Abrams/Materials/Textures/T_West_Tank_M1A1Abrams_D_Desert.uasset" 145
"F:/SGA_UE4/UECPP_GetOutMyWay/Content/VigilanteContent/Vehicles/West_Tank_M1A1Abrams/Materials/Textures/T_West_Tank_M1A1Abrams_D_Desert.uexp" 146
"F:/SGA_UE4/UECPP_GetOutMyWay/Content/VigilanteContent/Vehicles/West_Tank_M1A1Abrams/Materials/Textures/T_West_Tank_M1A1Abrams_D_Desert.ubulk" 147
"F:/SGA_UE4/UECPP_GetOutMyWay/Content/VigilanteContent/Vehicles/West_Tank_M1A1Abrams/Materials/Textures/T_West_Tank_M1A1Abrams_ARM.uasset" 148
"F:/SGA_UE4/UECPP_GetOutMyWay/Content/VigilanteContent/Vehicles/West_Tank_M1A1Abrams/Materials/Textures/T_West_Tank_M1A1Abrams_ARM.uexp" 149
"F:/SGA_UE4/UECPP_GetOutMyWay/Content/VigilanteContent/Vehicles/West_Tank_M1A1Abrams/Materials/Textures/T_West_Tank_M1A1Abrams_ARM.ubulk" 150
"../../../Engine/Content/EngineResources/Black.uasset" 151
"../../../Engine/Content/EngineResources/Black.uexp" 152
"../../../Engine/Content/EngineMaterials/T_Default_Normal.uasset" 153
"../../../Engine/Content/EngineMaterials/T_Default_Normal.uexp" 154
"../../../Engine/Content/EngineMaterials/T_Default_Normal.ubulk" 155
"../../../Engine/Content/EngineMaterials/T_Default_Material_Grid_M.uasset" 156
"../../../Engine/Content/EngineMaterials/T_Default_Material_Grid_M.uexp" 157
"../../../Engine/Content/EngineMaterials/T_Default_Material_Grid_M.ubulk" 158
"../../../Engine/Content/EngineMaterials/T_Default_BaseColor.uasset" 159
"../../../Engine/Content/EngineMaterials/T_Default_BaseColor.uexp" 160
"../../../Engine/Content/EngineMaterials/T_Default_BaseColor.ubulk" 161
"F:/SGA_UE4/UECPP_GetOutMyWay/Content/VigilanteContent/Shared/Materials/M_Master_Main.uasset" 162
"F:/SGA_UE4/UECPP_GetOutMyWay/Content/VigilanteContent/Shared/Materials/M_Master_Main.uexp" 163
"F:/SGA_UE4/UECPP_GetOutMyWay/Content/VigilanteContent/Vehicles/West_Tank_M1A1Abrams/Materials/MI_West_Tank_M1A1Abrams.uasset" 164
"F:/SGA_UE4/UECPP_GetOutMyWay/Content/VigilanteContent/Vehicles/West_Tank_M1A1Abrams/Materials/MI_West_Tank_M1A1Abrams.uexp" 165
"F:/SGA_UE4/UECPP_GetOutMyWay/Content/VigilanteContent/Vehicles/West_Tank_M1A1Abrams/SK_West_Tank_M1A1Abrams.uasset" 166
"F:/SGA_UE4/UECPP_GetOutMyWay/Content/VigilanteContent/Vehicles/West_Tank_M1A1Abrams/SK_West_Tank_M1A1Abrams.uexp" 167
"F:/SGA_UE4/UECPP_GetOutMyWay/Content/VigilanteContent/Shared/Particles/MaterialFunctions/MF_AngleFadeOut.uasset" 168
"F:/SGA_UE4/UECPP_GetOutMyWay/Content/VigilanteContent/Shared/Particles/MaterialFunctions/MF_AngleFadeOut.uexp" 169
"F:/SGA_UE4/UECPP_GetOutMyWay/Content/VigilanteContent/Shared/Particles/Materials/MasterMaterials/M_GPU_EngineCore_01_M.uasset" 170
"F:/SGA_UE4/UECPP_GetOutMyWay/Content/VigilanteContent/Shared/Particles/Materials/MasterMaterials/M_GPU_EngineCore_01_M.uexp" 171
"F:/SGA_UE4/UECPP_GetOutMyWay/Content/VigilanteContent/Shared/Particles/Textures/MuzzleFlash/T_2X2_MuzzlePoint_01_CH.uasset" 172
"F:/SGA_UE4/UECPP_GetOutMyWay/Content/VigilanteContent/Shared/Particles/Textures/MuzzleFlash/T_2X2_MuzzlePoint_01_CH.uexp" 173
"F:/SGA_UE4/UECPP_GetOutMyWay/Content/VigilanteContent/Shared/Particles/Textures/MuzzleFlash/T_2X2_MuzzlePoint_01_CH.ubulk" 174
"F:/SGA_UE4/UECPP_GetOutMyWay/Content/VigilanteContent/Shared/Particles/Materials/MasterMaterials/M_2X2_SubUV_MuzzleFlash_B.uasset" 175
"F:/SGA_UE4/UECPP_GetOutMyWay/Content/VigilanteContent/Shared/Particles/Materials/MasterMaterials/M_2X2_SubUV_MuzzleFlash_B.uexp" 176
"F:/SGA_UE4/UECPP_GetOutMyWay/Content/VigilanteContent/Shared/Particles/Textures/T_SoftSmokeBall_VL144_a.uasset" 177
"F:/SGA_UE4/UECPP_GetOutMyWay/Content/VigilanteContent/Shared/Particles/Textures/T_SoftSmokeBall_VL144_a.uexp" 178
"F:/SGA_UE4/UECPP_GetOutMyWay/Content/VigilanteContent/Shared/Particles/Textures/T_SoftSmokeBall_VL144_a.ubulk" 179
"F:/SGA_UE4/UECPP_GetOutMyWay/Content/VigilanteContent/Shared/Particles/Materials/MasterMaterials/M_12X12_Smokes_01_M.uasset" 180
"F:/SGA_UE4/UECPP_GetOutMyWay/Content/VigilanteContent/Shared/Particles/Materials/MasterMaterials/M_12X12_Smokes_01_M.uexp" 181
"F:/SGA_UE4/UECPP_GetOutMyWay/Content/VigilanteContent/Vehicles/West_Tank_M1A1Abrams/FX/PS_MuzzleFire_01_M1A1Abrams.uasset" 182
"F:/SGA_UE4/UECPP_GetOutMyWay/Content/VigilanteContent/Vehicles/West_Tank_M1A1Abrams/FX/PS_MuzzleFire_01_M1A1Abrams.uexp" 183
"F:/SGA_UE4/UECPP_GetOutMyWay/Content/VigilanteContent/Vehicles/West_Tank_M1A1Abrams/FX/PS_ShockWave_M1A1Abrams.uasset" 184
"F:/SGA_UE4/UECPP_GetOutMyWay/Content/VigilanteContent/Vehicles/West_Tank_M1A1Abrams/FX/PS_ShockWave_M1A1Abrams.uexp" 185
"F:/SGA_UE4/UECPP_GetOutMyWay/Content/BP/UI/Lobby/WB_Lobby.uasset" 186
"F:/SGA_UE4/UECPP_GetOutMyWay/Content/BP/UI/Lobby/WB_Lobby.uexp" 187
"../../../Engine/Content/EngineMaterials/T_Default_Material_Grid_N.uasset" 188
"../../../Engine/Content/EngineMaterials/T_Default_Material_Grid_N.uexp" 189
"../../../Engine/Content/EngineMaterials/T_Default_Material_Grid_N.ubulk" 190
"../../../Engine/Content/Functions/Engine_MaterialFunctions01/Opacity/CameraDepthFade.uasset" 191
"../../../Engine/Content/Functions/Engine_MaterialFunctions01/Opacity/CameraDepthFade.uexp" 192
"../../../Engine/Content/EngineMaterials/WorldGridMaterial.uasset" 193
"../../../Engine/Content/EngineMaterials/WorldGridMaterial.uexp" 194
"../../../Engine/Content/ArtTools/RenderToTexture/Meshes/S_1_Unit_Plane.uasset" 195
"../../../Engine/Content/ArtTools/RenderToTexture/Meshes/S_1_Unit_Plane.uexp" 196
"../../../Engine/Content/EngineMaterials/DefaultMaterial.uasset" 197
"../../../Engine/Content/EngineMaterials/DefaultMaterial.uexp" 198
"../../../Engine/Content/BasicShapes/Cone.uasset" 199
"../../../Engine/Content/BasicShapes/Cone.uexp" 200
"../../../Engine/Content/BasicShapes/Plane.uasset" 201
"../../../Engine/Content/BasicShapes/Plane.uexp" 202
"../../../Engine/Content/BasicShapes/Sphere.uasset" 203
"../../../Engine/Content/BasicShapes/Sphere.uexp" 204
"../../../Engine/Content/EngineDamageTypes/DmgTypeBP_Environmental.uasset" 205
"../../../Engine/Content/EngineDamageTypes/DmgTypeBP_Environmental.uexp" 206
"../../../Engine/Content/EngineDebugMaterials/DebugEditorMaterial.uasset" 207
"../../../Engine/Content/EngineDebugMaterials/DebugEditorMaterial.uexp" 208
"../../../Engine/Content/EngineDebugMaterials/DebugMeshMaterial.uasset" 209
"../../../Engine/Content/EngineDebugMaterials/DebugMeshMaterial.uexp" 210
"../../../Engine/Content/EngineDebugMaterials/M_SimpleUnlitTranslucent.uasset" 211
"../../../Engine/Content/EngineDebugMaterials/M_SimpleUnlitTranslucent.uexp" 212
"../../../Engine/Content/EngineDebugMaterials/VolumeToRender.uasset" 213
"../../../Engine/Content/EngineDebugMaterials/VolumeToRender.uexp" 214
"../../../Engine/Content/Functions/Engine_MaterialFunctions02/Utility/CameraDirectionVector.uasset" 215
"../../../Engine/Content/Functions/Engine_MaterialFunctions02/Utility/CameraDirectionVector.uexp" 216
"../../../Engine/Content/EngineDebugMaterials/M_VolumeRenderSphereTracePP.uasset" 217
"../../../Engine/Content/EngineDebugMaterials/M_VolumeRenderSphereTracePP.uexp" 218
"../../../Engine/Content/Functions/Engine_MaterialFunctions01/Shading/ConvertFromDiffSpec.uasset" 219
"../../../Engine/Content/Functions/Engine_MaterialFunctions01/Shading/ConvertFromDiffSpec.uexp" 220
"../../../Engine/Content/EngineDebugMaterials/VertexColorMaterial.uasset" 221
"../../../Engine/Content/EngineDebugMaterials/VertexColorMaterial.uexp" 222
"../../../Engine/Content/EngineDebugMaterials/WireframeMaterial.uasset" 223
"../../../Engine/Content/EngineDebugMaterials/WireframeMaterial.uexp" 224
"../../../Engine/Content/EngineFonts/Faces/RobotoRegular.uasset" 225
"../../../Engine/Content/EngineFonts/Faces/RobotoRegular.uexp" 226
"../../../Engine/Content/EngineFonts/Faces/RobotoRegular.ufont" 227
"../../../Engine/Content/EngineFonts/Faces/RobotoLight.uasset" 228
"../../../Engine/Content/EngineFonts/Faces/RobotoLight.uexp" 229
"../../../Engine/Content/EngineFonts/Faces/RobotoLight.ufont" 230
"../../../Engine/Content/EngineFonts/Faces/RobotoItalic.uasset" 231
"../../../Engine/Content/EngineFonts/Faces/RobotoItalic.uexp" 232
"../../../Engine/Content/EngineFonts/Faces/RobotoItalic.ufont" 233
"../../../Engine/Content/EngineFonts/Faces/RobotoBoldItalic.uasset" 234
"../../../Engine/Content/EngineFonts/Faces/RobotoBoldItalic.uexp" 235
"../../../Engine/Content/EngineFonts/Faces/RobotoBoldItalic.ufont" 236
"../../../Engine/Content/EngineFonts/Faces/RobotoBold.uasset" 237
"../../../Engine/Content/EngineFonts/Faces/RobotoBold.uexp" 238
"../../../Engine/Content/EngineFonts/Faces/RobotoBold.ufont" 239
"../../../Engine/Content/EngineFonts/Faces/DroidSansFallback.uasset" 240
"../../../Engine/Content/EngineFonts/Faces/DroidSansFallback.uexp" 241
"../../../Engine/Content/EngineFonts/Faces/DroidSansFallback.ufont" 242
"../../../Engine/Content/EngineFonts/Roboto.uasset" 243
"../../../Engine/Content/EngineFonts/Roboto.uexp" 244
"../../../Engine/Content/EngineMaterials/BaseFlattenNormalMap.uasset" 245
"../../../Engine/Content/EngineMaterials/BaseFlattenNormalMap.uexp" 246
"../../../Engine/Content/EngineMaterials/BaseFlattenGrayscaleMap.uasset" 247
"../../../Engine/Content/EngineMaterials/BaseFlattenGrayscaleMap.uexp" 248
"../../../Engine/Content/EngineMaterials/BaseFlattenEmissiveMap.uasset" 249
"../../../Engine/Content/EngineMaterials/BaseFlattenEmissiveMap.uexp" 250
"../../../Engine/Content/EngineMaterials/BaseFlattenDiffuseMap.uasset" 251
"../../../Engine/Content/EngineMaterials/BaseFlattenDiffuseMap.uexp" 252
"../../../Engine/Content/EngineMaterials/BaseFlattenMaterial.uasset" 253
"../../../Engine/Content/EngineMaterials/BaseFlattenMaterial.uexp" 254
"../../../Engine/Content/EngineMaterials/BlueNoise.uasset" 255
"../../../Engine/Content/EngineMaterials/BlueNoise.uexp" 256
"../../../Engine/Content/EngineMaterials/DefaultBloomKernel.uasset" 257
"../../../Engine/Content/EngineMaterials/DefaultBloomKernel.uexp" 258
"../../../Engine/Content/EngineMaterials/DefaultBokeh.uasset" 259
"../../../Engine/Content/EngineMaterials/DefaultBokeh.uexp" 260
"../../../Engine/Content/EngineMaterials/DefaultDiffuse.uasset" 261
"../../../Engine/Content/EngineMaterials/DefaultDiffuse.uexp" 262
"../../../Engine/Content/EngineMaterials/DefaultDiffuse.ubulk" 263
"../../../Engine/Content/EngineMaterials/DefaultDeferredDecalMaterial.uasset" 264
"../../../Engine/Content/EngineMaterials/DefaultDeferredDecalMaterial.uexp" 265
"../../../Engine/Content/EngineMaterials/DefaultLightFunctionMaterial.uasset" 266
"../../../Engine/Content/EngineMaterials/DefaultLightFunctionMaterial.uexp" 267
"../../../Engine/Content/EngineMaterials/DefaultPhysicalMaterial.uasset" 268
"../../../Engine/Content/EngineMaterials/DefaultPhysicalMaterial.uexp" 269
"../../../Engine/Content/Functions/Engine_MaterialFunctions02/Utility/BreakOutFloat2Components.uasset" 270
"../../../Engine/Content/Functions/Engine_MaterialFunctions02/Utility/BreakOutFloat2Components.uexp" 271
"../../../Engine/Content/EngineMaterials/DefaultPostProcessMaterial.uasset" 272
"../../../Engine/Content/EngineMaterials/DefaultPostProcessMaterial.uexp" 273
"../../../Engine/Content/EngineFonts/RobotoDistanceField.uasset" 274
"../../../Engine/Content/EngineFonts/RobotoDistanceField.uexp" 275
"../../../Engine/Content/EngineMaterials/DefaultTextMaterialOpaque.uasset" 276
"../../../Engine/Content/EngineMaterials/DefaultTextMaterialOpaque.uexp" 277
"../../../Engine/Content/EngineMaterials/DefaultWhiteGrid.uasset" 278
"../../../Engine/Content/EngineMaterials/DefaultWhiteGrid.uexp" 279
"../../../Engine/Content/EngineMaterials/DefaultWhiteGrid.ubulk" 280
"../../../Engine/Content/EngineMaterials/DefaultWhiteGrid_Low.uasset" 281
"../../../Engine/Content/EngineMaterials/DefaultWhiteGrid_Low.uexp" 282
"../../../Engine/Content/EngineMaterials/EmissiveMeshMaterial.uasset" 283
"../../../Engine/Content/EngineMaterials/EmissiveMeshMaterial.uexp" 284
"../../../Engine/Content/EngineMaterials/GizmoMaterial.uasset" 285
"../../../Engine/Content/EngineMaterials/GizmoMaterial.uexp" 286
"../../../Engine/Content/EngineMaterials/Good64x64TilingNoiseHighFreq.uasset" 287
"../../../Engine/Content/EngineMaterials/Good64x64TilingNoiseHighFreq.uexp" 288
"../../../Engine/Content/EngineMaterials/MiniFont.uasset" 289
"../../../Engine/Content/EngineMaterials/MiniFont.uexp" 290
"../../../Engine/Content/EngineMaterials/InvalidLightmapSettings.uasset" 291
"../../../Engine/Content/EngineMaterials/InvalidLightmapSettings.uexp" 292
"../../../Engine/Content/EngineMaterials/InvalidLightmapSettings.ubulk" 293
"../../../Engine/Content/EngineMaterials/M_InvalidLightmapSettings.uasset" 294
"../../../Engine/Content/EngineMaterials/M_InvalidLightmapSettings.uexp" 295
"../../../Engine/Content/Functions/Engine_MaterialFunctions02/WorldPositionOffset/CameraOffset.uasset" 296
"../../../Engine/Content/Functions/Engine_MaterialFunctions02/WorldPositionOffset/CameraOffset.uexp" 297
"../../../Engine/Content/EngineMaterials/PhAT_JointLimitMaterial.uasset" 298
"../../../Engine/Content/EngineMaterials/PhAT_JointLimitMaterial.uexp" 299
"../../../Engine/Content/EngineMaterials/DefaultCalibrationColor.uasset" 300
"../../../Engine/Content/EngineMaterials/DefaultCalibrationColor.uexp" 301
"../../../Engine/Content/EngineMaterials/PPM_DefaultCalibrationColor.uasset" 302
"../../../Engine/Content/EngineMaterials/PPM_DefaultCalibrationColor.uexp" 303
"../../../Engine/Content/EngineMaterials/DefaultCalibrationGrayscale.uasset" 304
"../../../Engine/Content/EngineMaterials/DefaultCalibrationGrayscale.uexp" 305
"../../../Engine/Content/EngineMaterials/PPM_DefaultCalibrationGrayscale.uasset" 306
"../../../Engine/Content/EngineMaterials/PPM_DefaultCalibrationGrayscale.uexp" 307
"../../../Engine/Content/EngineMaterials/PreintegratedSkinBRDF.uasset" 308
"../../../Engine/Content/EngineMaterials/PreintegratedSkinBRDF.uexp" 309
"../../../Engine/Content/EngineMaterials/RemoveSurfaceMaterial.uasset" 310
"../../../Engine/Content/EngineMaterials/RemoveSurfaceMaterial.uexp" 311
"../../../Engine/Content/EngineMaterials/WeightMapPlaceholderTexture.uasset" 312
"../../../Engine/Content/EngineMaterials/WeightMapPlaceholderTexture.uexp" 313
"../../../Engine/Content/EngineResources/WhiteSquareTexture.uasset" 314
"../../../Engine/Content/EngineResources/WhiteSquareTexture.uexp" 315
"../../../Engine/Content/EngineMaterials/Widget3DPassThrough.uasset" 316
"../../../Engine/Content/EngineMaterials/Widget3DPassThrough.uexp" 317
"../../../Engine/Content/EngineMaterials/Widget3DPassThrough_Masked.uasset" 318
"../../../Engine/Content/EngineMaterials/Widget3DPassThrough_Masked.uexp" 319
"../../../Engine/Content/EngineMaterials/Widget3DPassThrough_Opaque.uasset" 320
"../../../Engine/Content/EngineMaterials/Widget3DPassThrough_Opaque.uexp" 321
"../../../Engine/Content/EngineMaterials/Widget3DPassThrough_Masked_OneSided.uasset" 322
"../../../Engine/Content/EngineMaterials/Widget3DPassThrough_Masked_OneSided.uexp" 323
"../../../Engine/Content/EngineMaterials/Widget3DPassThrough_Opaque_OneSided.uasset" 324
"../../../Engine/Content/EngineMaterials/Widget3DPassThrough_Opaque_OneSided.uexp" 325
"../../../Engine/Content/EngineMaterials/Widget3DPassThrough_Translucent.uasset" 326
"../../../Engine/Content/EngineMaterials/Widget3DPassThrough_Translucent.uexp" 327
"../../../Engine/Content/EngineMaterials/Widget3DPassThrough_Translucent_OneSided.uasset" 328
"../../../Engine/Content/EngineMaterials/Widget3DPassThrough_Translucent_OneSided.uexp" 329
"../../../Engine/Content/EngineMeshes/Cylinder.uasset" 330
"../../../Engine/Content/EngineMeshes/Cylinder.uexp" 331
"../../../Engine/Content/EngineMeshes/Sphere.uasset" 332
"../../../Engine/Content/EngineMeshes/Sphere.uexp" 333
"../../../Engine/Content/EngineResources/DefaultTexture.uasset" 334
"../../../Engine/Content/EngineResources/DefaultTexture.uexp" 335
"../../../Engine/Content/EngineResources/DefaultTexture.ubulk" 336
"../../../Engine/Content/EngineResources/DefaultTextureCube.uasset" 337
"../../../Engine/Content/EngineResources/DefaultTextureCube.uexp" 338
"../../../Engine/Content/EngineResources/DefaultVolumeTexture2D.uasset" 339
"../../../Engine/Content/EngineResources/DefaultVolumeTexture2D.uexp" 340
"../../../Engine/Content/EngineResources/DefaultVolumeTexture.uasset" 341
"../../../Engine/Content/EngineResources/DefaultVolumeTexture.uexp" 342
"../../../Engine/Content/EngineResources/GradientTexture0.uasset" 343
"../../../Engine/Content/EngineResources/GradientTexture0.uexp" 344
"../../../Engine/Content/EngineSky/VolumetricClouds/T_NoiseShape64.uasset" 345
"../../../Engine/Content/EngineSky/VolumetricClouds/T_NoiseShape64.uexp" 346
"../../../Engine/Content/EngineSky/VolumetricClouds/T_NoiseShape64.ubulk" 347
"../../../Engine/Content/EngineSky/VolumetricClouds/T_VolumeNoiseShape64.uasset" 348
"../../../Engine/Content/EngineSky/VolumetricClouds/T_VolumeNoiseShape64.uexp" 349
"../../../Engine/Content/EngineSky/VolumetricClouds/T_NoiseErosion.uasset" 350
"../../../Engine/Content/EngineSky/VolumetricClouds/T_NoiseErosion.uexp" 351
"../../../Engine/Content/EngineSky/VolumetricClouds/T_NoiseErosion.ubulk" 352
"../../../Engine/Content/EngineSky/VolumetricClouds/T_VolumeNoiseErosion32.uasset" 353
"../../../Engine/Content/EngineSky/VolumetricClouds/T_VolumeNoiseErosion32.uexp" 354
"../../../Engine/Content/EngineSky/VolumetricClouds/CloudWeatherTexture.uasset" 355
"../../../Engine/Content/EngineSky/VolumetricClouds/CloudWeatherTexture.uexp" 356
"../../../Engine/Content/EngineSky/VolumetricClouds/CloudGradientTexture.uasset" 357
"../../../Engine/Content/EngineSky/VolumetricClouds/CloudGradientTexture.uexp" 358
"../../../Engine/Content/Functions/Engine_MaterialFunctions02/Utility/MakeFloat2.uasset" 359
"../../../Engine/Content/Functions/Engine_MaterialFunctions02/Utility/MakeFloat2.uexp" 360
"../../../Engine/Content/EngineSky/VolumetricClouds/m_SimpleVolumetricCloud.uasset" 361
"../../../Engine/Content/EngineSky/VolumetricClouds/m_SimpleVolumetricCloud.uexp" 362
"../../../Engine/Content/EngineSky/VolumetricClouds/m_SimpleVolumetricCloud_Inst.uasset" 363
"../../../Engine/Content/EngineSky/VolumetricClouds/m_SimpleVolumetricCloud_Inst.uexp" 364
"../../../Engine/Content/EngineSounds/Master.uasset" 365
"../../../Engine/Content/EngineSounds/Master.uexp" 366
"../../../Engine/Content/Functions/Engine_MaterialFunctions01/Shading/PowerToRoughness.uasset" 367
"../../../Engine/Content/Functions/Engine_MaterialFunctions01/Shading/PowerToRoughness.uexp" 368
"../../../Engine/Content/Maps/Templates/Thumbnails/Default.uasset" 369
"../../../Engine/Content/Maps/Templates/Thumbnails/Default.uexp" 370
"../../../Engine/Content/Maps/Templates/Thumbnails/TimeOfDay.uasset" 371
"../../../Engine/Content/Maps/Templates/Thumbnails/TimeOfDay.uexp" 372
"../../../Engine/Content/Maps/Templates/Thumbnails/VR-Basic.uasset" 373
"../../../Engine/Content/Maps/Templates/Thumbnails/VR-Basic.uexp" 374
"../../../Engine/Content/MobileResources/T_MobileControls_texture.uasset" 375
"../../../Engine/Content/MobileResources/T_MobileControls_texture.uexp" 376
"../../../Engine/Content/MobileResources/T_MobileMenu2.uasset" 377
"../../../Engine/Content/MobileResources/T_MobileMenu2.uexp" 378
"../../../Engine/Content/MobileResources/HUD/AnalogHat.uasset" 379
"../../../Engine/Content/MobileResources/HUD/AnalogHat.uexp" 380
"../../../Engine/Content/MobileResources/HUD/VirtualJoystick_Thumb.uasset" 381
"../../../Engine/Content/MobileResources/HUD/VirtualJoystick_Thumb.uexp" 382
"../../../Engine/Content/MobileResources/HUD/VirtualJoystick_Background.uasset" 383
"../../../Engine/Content/MobileResources/HUD/VirtualJoystick_Background.uexp" 384
"../../../Engine/Content/MobileResources/HUD/DefaultVirtualJoysticks.uasset" 385
"../../../Engine/Content/MobileResources/HUD/DefaultVirtualJoysticks.uexp" 386
"../../../Engine/Content/MobileResources/HUD/LeftVirtualJoystickOnly.uasset" 387
"../../../Engine/Content/MobileResources/HUD/LeftVirtualJoystickOnly.uexp" 388
"../../../Engine/Content/MobileResources/HUD/MobileHUDButton1_off.uasset" 389
"../../../Engine/Content/MobileResources/HUD/MobileHUDButton1_off.uexp" 390
"../../../Engine/Content/MobileResources/HUD/MobileHUDButton1_on.uasset" 391
"../../../Engine/Content/MobileResources/HUD/MobileHUDButton1_on.uexp" 392
"../../../Engine/Content/MobileResources/HUD/MobileHUDButton2_off.uasset" 393
"../../../Engine/Content/MobileResources/HUD/MobileHUDButton2_off.uexp" 394
"../../../Engine/Content/MobileResources/HUD/MobileHUDButton2_on.uasset" 395
"../../../Engine/Content/MobileResources/HUD/MobileHUDButton2_on.uexp" 396
"../../../Engine/Content/MobileResources/HUD/MobileHUDButton3.uasset" 397
"../../../Engine/Content/MobileResources/HUD/MobileHUDButton3.uexp" 398
"../../../Engine/Content/MobileResources/HUD/MobileHUDButtonFire.uasset" 399
"../../../Engine/Content/MobileResources/HUD/MobileHUDButtonFire.uexp" 400
"../../../Engine/Content/MobileResources/HUD/MobileHUDDirectionPad.uasset" 401
"../../../Engine/Content/MobileResources/HUD/MobileHUDDirectionPad.uexp" 402
"../../../Engine/Content/MobileResources/HUD/MobileHUDDirectionPad2.uasset" 403
"../../../Engine/Content/MobileResources/HUD/MobileHUDDirectionPad2.uexp" 404
"../../../Engine/Content/MobileResources/HUD/MobileHUDDirectionPad3.uasset" 405
"../../../Engine/Content/MobileResources/HUD/MobileHUDDirectionPad3.uexp" 406
"../../../Engine/Content/MobileResources/HUD/MobileHUDDirectionStick.uasset" 407
"../../../Engine/Content/MobileResources/HUD/MobileHUDDirectionStick.uexp" 408
"../../../Engine/Content/MobileResources/HUD/T_Castle_ThumbstickInner.uasset" 409
"../../../Engine/Content/MobileResources/HUD/T_Castle_ThumbstickInner.uexp" 410
"../../../Engine/Content/MobileResources/HUD/T_Castle_ThumbstickOutter.uasset" 411
"../../../Engine/Content/MobileResources/HUD/T_Castle_ThumbstickOutter.uexp" 412
"../../../Engine/Content/Tutorial/ContentIntroCurve.uasset" 413
"../../../Engine/Content/Tutorial/ContentIntroCurve.uexp" 414
"../../../Engine/Content/Tutorial/Basics/TutorialAssets/icon_tab_Levels_40x.uasset" 415
"../../../Engine/Content/Tutorial/Basics/TutorialAssets/icon_tab_Levels_40x.uexp" 416
"../../../Engine/Plugins/2D/Paper2D/Content/PlaceholderTextures/DummySpriteTexture.uasset" 417
"../../../Engine/Plugins/2D/Paper2D/Content/PlaceholderTextures/DummySpriteTexture.uexp" 418
"../../../Engine/Plugins/2D/Paper2D/Content/PlaceholderTextures/DummySpriteTexture.ubulk" 419
"../../../Engine/Plugins/2D/Paper2D/Content/DummySprite.uasset" 420
"../../../Engine/Plugins/2D/Paper2D/Content/DummySprite.uexp" 421
"../../../Engine/Plugins/2D/Paper2D/Content/DefaultPaperTerrainMaterial.uasset" 422
"../../../Engine/Plugins/2D/Paper2D/Content/DefaultPaperTerrainMaterial.uexp" 423
"../../../Engine/Plugins/2D/Paper2D/Content/DefaultSpriteMaterial.uasset" 424
"../../../Engine/Plugins/2D/Paper2D/Content/DefaultSpriteMaterial.uexp" 425
"../../../Engine/Plugins/2D/Paper2D/Content/MaskedUnlitSpriteMaterial.uasset" 426
"../../../Engine/Plugins/2D/Paper2D/Content/MaskedUnlitSpriteMaterial.uexp" 427
"../../../Engine/Plugins/2D/Paper2D/Content/OpaqueUnlitSpriteMaterial.uasset" 428
"../../../Engine/Plugins/2D/Paper2D/Content/OpaqueUnlitSpriteMaterial.uexp" 429
"../../../Engine/Content/Functions/Engine_MaterialFunctions02/Utility/BreakOutFloat3Components.uasset" 430
"../../../Engine/Content/Functions/Engine_MaterialFunctions02/Utility/BreakOutFloat3Components.uexp" 431
"../../../Engine/Plugins/Editor/SpeedTreeImporter/Content/SpeedTree9/UnpackInteger3.uasset" 432
"../../../Engine/Plugins/Editor/SpeedTreeImporter/Content/SpeedTree9/UnpackInteger3.uexp" 433
"../../../Engine/Plugins/Editor/SpeedTreeImporter/Content/SpeedTree9/UnpackDirection.uasset" 434
"../../../Engine/Plugins/Editor/SpeedTreeImporter/Content/SpeedTree9/UnpackDirection.uexp" 435
"../../../Engine/Plugins/Editor/SpeedTreeImporter/Content/SpeedTree9/game_wind_noise.uasset" 436
"../../../Engine/Plugins/Editor/SpeedTreeImporter/Content/SpeedTree9/game_wind_noise.uexp" 437
"../../../Engine/Plugins/Editor/SpeedTreeImporter/Content/SpeedTree9/game_wind_noise.ubulk" 438
"../../../Engine/Content/Functions/Engine_MaterialFunctions02/SafeNormalize.uasset" 439
"../../../Engine/Content/Functions/Engine_MaterialFunctions02/SafeNormalize.uexp" 440
"../../../Engine/Plugins/Editor/SpeedTreeImporter/Content/SpeedTree9/SpeedTreeWindMotion.uasset" 441
"../../../Engine/Plugins/Editor/SpeedTreeImporter/Content/SpeedTree9/SpeedTreeWindMotion.uexp" 442
"../../../Engine/Plugins/Editor/SpeedTreeImporter/Content/SpeedTree9/SpeedTreeBranchMotion.uasset" 443
"../../../Engine/Plugins/Editor/SpeedTreeImporter/Content/SpeedTree9/SpeedTreeBranchMotion.uexp" 444
"../../../Engine/Content/Functions/Engine_MaterialFunctions02/ObjectLocalBounds.uasset" 445
"../../../Engine/Content/Functions/Engine_MaterialFunctions02/ObjectLocalBounds.uexp" 446
"../../../Engine/Content/Functions/Engine_MaterialFunctions02/UVs/BoundingBoxBased_0-1_UVW.uasset" 447
"../../../Engine/Content/Functions/Engine_MaterialFunctions02/UVs/BoundingBoxBased_0-1_UVW.uexp" 448
"../../../Engine/Content/Functions/Engine_MaterialFunctions02/Utility/VectorLength.uasset" 449
"../../../Engine/Content/Functions/Engine_MaterialFunctions02/Utility/VectorLength.uexp" 450
"../../../Engine/Content/Functions/Engine_MaterialFunctions02/WorldPositionOffset/ObjectScale.uasset" 451
"../../../Engine/Content/Functions/Engine_MaterialFunctions02/WorldPositionOffset/ObjectScale.uexp" 452
"../../../Engine/Plugins/Editor/SpeedTreeImporter/Content/SpeedTree9/SpeedTreeWind.uasset" 453
"../../../Engine/Plugins/Editor/SpeedTreeImporter/Content/SpeedTree9/SpeedTreeWind.uexp" 454
"../../../Engine/Plugins/Editor/SpeedTreeImporter/Content/SpeedTree9/SpeedTreeBillboard.uasset" 455
"../../../Engine/Plugins/Editor/SpeedTreeImporter/Content/SpeedTree9/SpeedTreeBillboard.uexp" 456
"../../../Engine/Plugins/Editor/SpeedTreeImporter/Content/SpeedTree9/EmptyNormal.uasset" 457
"../../../Engine/Plugins/Editor/SpeedTreeImporter/Content/SpeedTree9/EmptyNormal.uexp" 458
"../../../Engine/Plugins/Editor/SpeedTreeImporter/Content/SpeedTree9/Empty.uasset" 459
"../../../Engine/Plugins/Editor/SpeedTreeImporter/Content/SpeedTree9/Empty.uexp" 460
"../../../Engine/Plugins/Editor/SpeedTreeImporter/Content/SpeedTree9/SpeedTreeBillboardMaster.uasset" 461
"../../../Engine/Plugins/Editor/SpeedTreeImporter/Content/SpeedTree9/SpeedTreeBillboardMaster.uexp" 462
"../../../Engine/Plugins/Editor/SpeedTreeImporter/Content/SpeedTree9/SpeedTreeCameraFacing.uasset" 463
"../../../Engine/Plugins/Editor/SpeedTreeImporter/Content/SpeedTree9/SpeedTreeCameraFacing.uexp" 464
"../../../Engine/Plugins/Editor/SpeedTreeImporter/Content/SpeedTree9/SpeedTreeMaster.uasset" 465
"../../../Engine/Plugins/Editor/SpeedTreeImporter/Content/SpeedTree9/SpeedTreeMaster.uexp" 466
"../../../Engine/Content/ArtTools/RenderToTexture/Materials/Debug/M_Emissive_Color.uasset" 467
"../../../Engine/Content/ArtTools/RenderToTexture/Materials/Debug/M_Emissive_Color.uexp" 468
"../../../Engine/Content/BasicShapes/Cylinder.uasset" 469
"../../../Engine/Content/BasicShapes/Cylinder.uexp" 470
"../../../Engine/Plugins/Lumin/MagicLeapPassableWorld/Content/MagicLeapARPinInfoActor.uasset" 471
"../../../Engine/Plugins/Lumin/MagicLeapPassableWorld/Content/MagicLeapARPinInfoActor.uexp" 472
"../../../Engine/Plugins/Runtime/OpenXR/Content/Devices/GoogleDaydream/MRTexture.uasset" 473
"../../../Engine/Plugins/Runtime/OpenXR/Content/Devices/GoogleDaydream/MRTexture.uexp" 474
"../../../Engine/Plugins/Runtime/OpenXR/Content/Devices/GoogleDaydream/MRTexture.ubulk" 475
"../../../Engine/Plugins/Runtime/OpenXR/Content/Devices/GoogleDaydream/BaseTexture.uasset" 476
"../../../Engine/Plugins/Runtime/OpenXR/Content/Devices/GoogleDaydream/BaseTexture.uexp" 477
"../../../Engine/Plugins/Runtime/OpenXR/Content/Devices/GoogleDaydream/BaseTexture.ubulk" 478
"../../../Engine/Plugins/Runtime/OpenXR/Content/Devices/M_XRController.uasset" 479
"../../../Engine/Plugins/Runtime/OpenXR/Content/Devices/M_XRController.uexp" 480
"../../../Engine/Plugins/Runtime/OpenXR/Content/Devices/GoogleDaydream/MI_GoogleDaydream.uasset" 481
"../../../Engine/Plugins/Runtime/OpenXR/Content/Devices/GoogleDaydream/MI_GoogleDaydream.uexp" 482
"../../../Engine/Plugins/Runtime/OpenXR/Content/Devices/GoogleDaydream/GoogleDaydreamController.uasset" 483
"../../../Engine/Plugins/Runtime/OpenXR/Content/Devices/GoogleDaydream/GoogleDaydreamController.uexp" 484
"../../../Engine/Plugins/Runtime/OpenXR/Content/Devices/HTCVive/BaseTexture.uasset" 485
"../../../Engine/Plugins/Runtime/OpenXR/Content/Devices/HTCVive/BaseTexture.uexp" 486
"../../../Engine/Plugins/Runtime/OpenXR/Content/Devices/HTCVive/BaseTexture.ubulk" 487
"../../../Engine/Plugins/Runtime/OpenXR/Content/Devices/HTCVive/MI_HTCVive.uasset" 488
"../../../Engine/Plugins/Runtime/OpenXR/Content/Devices/HTCVive/MI_HTCVive.uexp" 489
"../../../Engine/Plugins/Runtime/OpenXR/Content/Devices/HTCVive/HTCViveController.uasset" 490
"../../../Engine/Plugins/Runtime/OpenXR/Content/Devices/HTCVive/HTCViveController.uexp" 491
"../../../Engine/Plugins/Runtime/OpenXR/Content/Devices/MicrosoftMixedReality/NormalTexture.uasset" 492
"../../../Engine/Plugins/Runtime/OpenXR/Content/Devices/MicrosoftMixedReality/NormalTexture.uexp" 493
"../../../Engine/Plugins/Runtime/OpenXR/Content/Devices/MicrosoftMixedReality/NormalTexture.ubulk" 494
"../../../Engine/Plugins/Runtime/OpenXR/Content/Devices/MicrosoftMixedReality/MRTexture.uasset" 495
"../../../Engine/Plugins/Runtime/OpenXR/Content/Devices/MicrosoftMixedReality/MRTexture.uexp" 496
"../../../Engine/Plugins/Runtime/OpenXR/Content/Devices/MicrosoftMixedReality/MRTexture.ubulk" 497
"../../../Engine/Plugins/Runtime/OpenXR/Content/Devices/MicrosoftMixedReality/EmissiveTexture.uasset" 498
"../../../Engine/Plugins/Runtime/OpenXR/Content/Devices/MicrosoftMixedReality/EmissiveTexture.uexp" 499
"../../../Engine/Plugins/Runtime/OpenXR/Content/Devices/MicrosoftMixedReality/EmissiveTexture.ubulk" 500
"../../../Engine/Plugins/Runtime/OpenXR/Content/Devices/MicrosoftMixedReality/BaseTexture.uasset" 501
"../../../Engine/Plugins/Runtime/OpenXR/Content/Devices/MicrosoftMixedReality/BaseTexture.uexp" 502
"../../../Engine/Plugins/Runtime/OpenXR/Content/Devices/MicrosoftMixedReality/BaseTexture.ubulk" 503
"../../../Engine/Plugins/Runtime/OpenXR/Content/Devices/MicrosoftMixedReality/MI_MicrosoftMixedReality.uasset" 504
"../../../Engine/Plugins/Runtime/OpenXR/Content/Devices/MicrosoftMixedReality/MI_MicrosoftMixedReality.uexp" 505
"../../../Engine/Plugins/Runtime/OpenXR/Content/Devices/MicrosoftMixedReality/Left/left_MicrosoftMixedRealityController.uasset" 506
"../../../Engine/Plugins/Runtime/OpenXR/Content/Devices/MicrosoftMixedReality/Left/left_MicrosoftMixedRealityController.uexp" 507
"../../../Engine/Plugins/Runtime/OpenXR/Content/Devices/MicrosoftMixedReality/Right/right_MicrosoftMixedRealityController.uasset" 508
"../../../Engine/Plugins/Runtime/OpenXR/Content/Devices/MicrosoftMixedReality/Right/right_MicrosoftMixedRealityController.uexp" 509
"../../../Engine/Plugins/Runtime/OpenXR/Content/Devices/OculusGo/BaseTexture.uasset" 510
"../../../Engine/Plugins/Runtime/OpenXR/Content/Devices/OculusGo/BaseTexture.uexp" 511
"../../../Engine/Plugins/Runtime/OpenXR/Content/Devices/OculusGo/BaseTexture.ubulk" 512
"../../../Engine/Plugins/Runtime/OpenXR/Content/Devices/OculusGo/MI_OculusGo.uasset" 513
"../../../Engine/Plugins/Runtime/OpenXR/Content/Devices/OculusGo/MI_OculusGo.uexp" 514
"../../../Engine/Plugins/Runtime/OpenXR/Content/Devices/OculusGo/OculusGoController.uasset" 515
"../../../Engine/Plugins/Runtime/OpenXR/Content/Devices/OculusGo/OculusGoController.uexp" 516
"../../../Engine/Plugins/Runtime/OpenXR/Content/Devices/OculusTouch/MRTexture.uasset" 517
"../../../Engine/Plugins/Runtime/OpenXR/Content/Devices/OculusTouch/MRTexture.uexp" 518
"../../../Engine/Plugins/Runtime/OpenXR/Content/Devices/OculusTouch/MRTexture.ubulk" 519
"../../../Engine/Plugins/Runtime/OpenXR/Content/Devices/OculusTouch/BaseTexture.uasset" 520
"../../../Engine/Plugins/Runtime/OpenXR/Content/Devices/OculusTouch/BaseTexture.uexp" 521
"../../../Engine/Plugins/Runtime/OpenXR/Content/Devices/OculusTouch/BaseTexture.ubulk" 522
"../../../Engine/Plugins/Runtime/OpenXR/Content/Devices/OculusTouch/MI_OculusTouch.uasset" 523
"../../../Engine/Plugins/Runtime/OpenXR/Content/Devices/OculusTouch/MI_OculusTouch.uexp" 524
"../../../Engine/Plugins/Runtime/OpenXR/Content/Devices/OculusTouch/Left/left_OculusTouchController.uasset" 525
"../../../Engine/Plugins/Runtime/OpenXR/Content/Devices/OculusTouch/Left/left_OculusTouchController.uexp" 526
"../../../Engine/Plugins/Runtime/OpenXR/Content/Devices/OculusTouch/Right/right_OculusTouchController.uasset" 527
"../../../Engine/Plugins/Runtime/OpenXR/Content/Devices/OculusTouch/Right/right_OculusTouchController.uexp" 528
"../../../Engine/Plugins/Runtime/OpenXR/Content/Devices/OculusTouch_v2/MRTexture.uasset" 529
"../../../Engine/Plugins/Runtime/OpenXR/Content/Devices/OculusTouch_v2/MRTexture.uexp" 530
"../../../Engine/Plugins/Runtime/OpenXR/Content/Devices/OculusTouch_v2/MRTexture.ubulk" 531
"../../../Engine/Plugins/Runtime/OpenXR/Content/Devices/OculusTouch_v2/BaseTexture.uasset" 532
"../../../Engine/Plugins/Runtime/OpenXR/Content/Devices/OculusTouch_v2/BaseTexture.uexp" 533
"../../../Engine/Plugins/Runtime/OpenXR/Content/Devices/OculusTouch_v2/BaseTexture.ubulk" 534
"../../../Engine/Plugins/Runtime/OpenXR/Content/Devices/OculusTouch_v2/MI_OculusTouch_v2.uasset" 535
"../../../Engine/Plugins/Runtime/OpenXR/Content/Devices/OculusTouch_v2/MI_OculusTouch_v2.uexp" 536
"../../../Engine/Plugins/Runtime/OpenXR/Content/Devices/OculusTouch_v2/Left/left_OculusTouch_v2Controller.uasset" 537
"../../../Engine/Plugins/Runtime/OpenXR/Content/Devices/OculusTouch_v2/Left/left_OculusTouch_v2Controller.uexp" 538
"../../../Engine/Plugins/Runtime/OpenXR/Content/Devices/OculusTouch_v2/Right/right_OculusTouch_v2Controller.uasset" 539
"../../../Engine/Plugins/Runtime/OpenXR/Content/Devices/OculusTouch_v2/Right/right_OculusTouch_v2Controller.uexp" 540
"../../../Engine/Plugins/Runtime/OpenXR/Content/Devices/OculusTouch_v3/MRTexture.uasset" 541
"../../../Engine/Plugins/Runtime/OpenXR/Content/Devices/OculusTouch_v3/MRTexture.uexp" 542
"../../../Engine/Plugins/Runtime/OpenXR/Content/Devices/OculusTouch_v3/MRTexture.ubulk" 543
"../../../Engine/Plugins/Runtime/OpenXR/Content/Devices/OculusTouch_v3/BaseTexture.uasset" 544
"../../../Engine/Plugins/Runtime/OpenXR/Content/Devices/OculusTouch_v3/BaseTexture.uexp" 545
"../../../Engine/Plugins/Runtime/OpenXR/Content/Devices/OculusTouch_v3/BaseTexture.ubulk" 546
"../../../Engine/Plugins/Runtime/OpenXR/Content/Devices/OculusTouch_v3/MI_OculusTouch_v3.uasset" 547
"../../../Engine/Plugins/Runtime/OpenXR/Content/Devices/OculusTouch_v3/MI_OculusTouch_v3.uexp" 548
"../../../Engine/Plugins/Runtime/OpenXR/Content/Devices/OculusTouch_v3/Left/left_OculusTouch_v3Controller.uasset" 549
"../../../Engine/Plugins/Runtime/OpenXR/Content/Devices/OculusTouch_v3/Left/left_OculusTouch_v3Controller.uexp" 550
"../../../Engine/Plugins/Runtime/OpenXR/Content/Devices/OculusTouch_v3/Right/right_OculusTouch_v3Controller.uasset" 551
"../../../Engine/Plugins/Runtime/OpenXR/Content/Devices/OculusTouch_v3/Right/right_OculusTouch_v3Controller.uexp" 552
"../../../Engine/Plugins/Runtime/OpenXR/Content/Devices/ValveIndex/MRTexture.uasset" 553
"../../../Engine/Plugins/Runtime/OpenXR/Content/Devices/ValveIndex/MRTexture.uexp" 554
"../../../Engine/Plugins/Runtime/OpenXR/Content/Devices/ValveIndex/MRTexture.ubulk" 555
"../../../Engine/Plugins/Runtime/OpenXR/Content/Devices/ValveIndex/BaseTexture.uasset" 556
"../../../Engine/Plugins/Runtime/OpenXR/Content/Devices/ValveIndex/BaseTexture.uexp" 557
"../../../Engine/Plugins/Runtime/OpenXR/Content/Devices/ValveIndex/BaseTexture.ubulk" 558
"../../../Engine/Plugins/Runtime/OpenXR/Content/Devices/ValveIndex/Left/MI_left_ValveIndex.uasset" 559
"../../../Engine/Plugins/Runtime/OpenXR/Content/Devices/ValveIndex/Left/MI_left_ValveIndex.uexp" 560
"../../../Engine/Plugins/Runtime/OpenXR/Content/Devices/ValveIndex/Left/left_ValveIndexController.uasset" 561
"../../../Engine/Plugins/Runtime/OpenXR/Content/Devices/ValveIndex/Left/left_ValveIndexController.uexp" 562
"../../../Engine/Plugins/Runtime/OpenXR/Content/Devices/ValveIndex/Right/MI_right_ValveIndex.uasset" 563
"../../../Engine/Plugins/Runtime/OpenXR/Content/Devices/ValveIndex/Right/MI_right_ValveIndex.uexp" 564
"../../../Engine/Plugins/Runtime/OpenXR/Content/Devices/ValveIndex/Right/right_ValveIndexController.uasset" 565
"../../../Engine/Plugins/Runtime/OpenXR/Content/Devices/ValveIndex/Right/right_ValveIndexController.uexp" 566
"../../../Engine/Content/Functions/Engine_MaterialFunctions02/Utility/BreakOutFloat4Components.uasset" 567
"../../../Engine/Content/Functions/Engine_MaterialFunctions02/Utility/BreakOutFloat4Components.uexp" 568
"../../../Engine/Content/Functions/Engine_MaterialFunctions02/Utility/MakeFloat3.uasset" 569
"../../../Engine/Content/Functions/Engine_MaterialFunctions02/Utility/MakeFloat3.uexp" 570
"../../../Engine/Plugins/Runtime/Oculus/OculusVR/Content/Materials/OculusMR_ChromaKey.uasset" 571
"../../../Engine/Plugins/Runtime/Oculus/OculusVR/Content/Materials/OculusMR_ChromaKey.uexp" 572
"../../../Engine/Plugins/Runtime/Oculus/OculusVR/Content/Materials/OculusMR_OpaqueColoredMaterial.uasset" 573
"../../../Engine/Plugins/Runtime/Oculus/OculusVR/Content/Materials/OculusMR_OpaqueColoredMaterial.uexp" 574
"../../../Engine/Plugins/Runtime/Oculus/OculusVR/Content/Materials/PokeAHoleMaterial.uasset" 575
"../../../Engine/Plugins/Runtime/Oculus/OculusVR/Content/Materials/PokeAHoleMaterial.uexp" 576
"../../../Engine/Plugins/Runtime/Oculus/OculusVR/Content/Textures/touchController_controlmap.uasset" 577
"../../../Engine/Plugins/Runtime/Oculus/OculusVR/Content/Textures/touchController_controlmap.uexp" 578
"../../../Engine/Plugins/Runtime/Oculus/OculusVR/Content/Textures/touchController_controlmap.ubulk" 579
"../../../Engine/Plugins/Runtime/Oculus/OculusVR/Content/Textures/touchController_albedo.uasset" 580
"../../../Engine/Plugins/Runtime/Oculus/OculusVR/Content/Textures/touchController_albedo.uexp" 581
"../../../Engine/Plugins/Runtime/Oculus/OculusVR/Content/Textures/touchController_albedo.ubulk" 582
"../../../Engine/Plugins/Runtime/Oculus/OculusVR/Content/Materials/touchController_mat.uasset" 583
"../../../Engine/Plugins/Runtime/Oculus/OculusVR/Content/Materials/touchController_mat.uexp" 584
"../../../Engine/Plugins/Runtime/Oculus/OculusVR/Content/Meshes/LeftTouchController.uasset" 585
"../../../Engine/Plugins/Runtime/Oculus/OculusVR/Content/Meshes/LeftTouchController.uexp" 586
"../../../Engine/Plugins/Runtime/Oculus/OculusVR/Content/Textures/TouchForQuestRiftSController_albedo.uasset" 587
"../../../Engine/Plugins/Runtime/Oculus/OculusVR/Content/Textures/TouchForQuestRiftSController_albedo.uexp" 588
"../../../Engine/Plugins/Runtime/Oculus/OculusVR/Content/Textures/TouchForQuestRiftSController_albedo.ubulk" 589
"../../../Engine/Plugins/Runtime/Oculus/OculusVR/Content/Materials/TouchForQuestRiftSControllerMaterial.uasset" 590
"../../../Engine/Plugins/Runtime/Oculus/OculusVR/Content/Materials/TouchForQuestRiftSControllerMaterial.uexp" 591
"../../../Engine/Plugins/Runtime/Oculus/OculusVR/Content/Meshes/LeftTouchForQuestRiftSController.uasset" 592
"../../../Engine/Plugins/Runtime/Oculus/OculusVR/Content/Meshes/LeftTouchForQuestRiftSController.uexp" 593
"../../../Engine/Plugins/Runtime/Oculus/OculusVR/Content/Meshes/RiftHMD.uasset" 594
"../../../Engine/Plugins/Runtime/Oculus/OculusVR/Content/Meshes/RiftHMD.uexp" 595
"../../../Engine/Plugins/Runtime/Oculus/OculusVR/Content/Meshes/RightTouchController.uasset" 596
"../../../Engine/Plugins/Runtime/Oculus/OculusVR/Content/Meshes/RightTouchController.uexp" 597
"../../../Engine/Plugins/Runtime/Oculus/OculusVR/Content/Meshes/RightTouchForQuestRiftSController.uasset" 598
"../../../Engine/Plugins/Runtime/Oculus/OculusVR/Content/Meshes/RightTouchForQuestRiftSController.uexp" 599
"F:/SGA_UE4/UECPP_GetOutMyWay/Content/Data/Tank/PhysicsMaterial/PM_Normal.uasset" 600
"F:/SGA_UE4/UECPP_GetOutMyWay/Content/Data/Tank/PhysicsMaterial/PM_Normal.uexp" 601
"F:/SGA_UE4/UECPP_GetOutMyWay/Content/BP/Tank/BP_M1A1Pawn.uasset" 602
"F:/SGA_UE4/UECPP_GetOutMyWay/Content/BP/Tank/BP_M1A1Pawn.uexp" 603
"F:/SGA_UE4/UECPP_GetOutMyWay/Content/BP/Test/BP_TrackShow.uasset" 604
"F:/SGA_UE4/UECPP_GetOutMyWay/Content/BP/Test/BP_TrackShow.uexp" 605
"../../../Engine/Content/EngineSky/T_Sky_Stars.uasset" 606
"../../../Engine/Content/EngineSky/T_Sky_Stars.uexp" 607
"../../../Engine/Content/EngineSky/T_Sky_Stars.ubulk" 608
"../../../Engine/Content/EngineSky/T_Sky_Clouds_M.uasset" 609
"../../../Engine/Content/EngineSky/T_Sky_Clouds_M.uexp" 610
"../../../Engine/Content/EngineSky/T_Sky_Clouds_M.ubulk" 611
"../../../Engine/Content/EngineSky/T_Sky_Blue.uasset" 612
"../../../Engine/Content/EngineSky/T_Sky_Blue.uexp" 613
"../../../Engine/Content/EngineSky/T_Sky_Blue.ubulk" 614
"../../../Engine/Content/EngineSky/M_Sky_Panning_Clouds2.uasset" 615
"../../../Engine/Content/EngineSky/M_Sky_Panning_Clouds2.uexp" 616
"../../../Engine/Content/EngineSky/SM_SkySphere.uasset" 617
"../../../Engine/Content/EngineSky/SM_SkySphere.uexp" 618
"../../../Engine/Content/EngineSky/C_Sky_Zenith_Color.uasset" 619
"../../../Engine/Content/EngineSky/C_Sky_Zenith_Color.uexp" 620
"../../../Engine/Content/EngineSky/C_Sky_Horizon_Color.uasset" 621
"../../../Engine/Content/EngineSky/C_Sky_Horizon_Color.uexp" 622
"../../../Engine/Content/EngineSky/C_Sky_Cloud_Color.uasset" 623
"../../../Engine/Content/EngineSky/C_Sky_Cloud_Color.uexp" 624
"../../../Engine/Content/EngineSky/BP_Sky_Sphere.uasset" 625
"../../../Engine/Content/EngineSky/BP_Sky_Sphere.uexp" 626
"F:/SGA_UE4/UECPP_GetOutMyWay/Content/Level/TestLevel_BuiltData.uasset" 627
"F:/SGA_UE4/UECPP_GetOutMyWay/Content/Level/TestLevel_BuiltData.uexp" 628
"F:/SGA_UE4/UECPP_GetOutMyWay/Content/Level/TestLevel_BuiltData.ubulk" 629
"../../../Engine/Content/BasicShapes/Cube.uasset" 630
"../../../Engine/Content/BasicShapes/Cube.uexp" 631
"../../../Engine/Content/BasicShapes/BasicShapeMaterial.uasset" 632
"../../../Engine/Content/BasicShapes/BasicShapeMaterial.uexp" 633
"F:/SGA_UE4/UECPP_GetOutMyWay/Content/Level/TestLevel.uexp" 634
"F:/SGA_UE4/UECPP_GetOutMyWay/Content/Level/TestLevel.umap" 635
"F:/SGA_UE4/UECPP_GetOutMyWay/Content/VigilanteContent/Vehicles/West_Tank_M1A1Abrams/M1A1StaticMesh.uasset" 636
"F:/SGA_UE4/UECPP_GetOutMyWay/Content/VigilanteContent/Vehicles/West_Tank_M1A1Abrams/M1A1StaticMesh.uexp" 637
"F:/SGA_UE4/UECPP_GetOutMyWay/Content/VigilanteContent/Vehicles/East_Tank_T72b/Materials/Textures/T_East_Tank_T72b_Tracks_N.uasset" 638
"F:/SGA_UE4/UECPP_GetOutMyWay/Content/VigilanteContent/Vehicles/East_Tank_T72b/Materials/Textures/T_East_Tank_T72b_Tracks_N.uexp" 639
"F:/SGA_UE4/UECPP_GetOutMyWay/Content/VigilanteContent/Vehicles/East_Tank_T72b/Materials/Textures/T_East_Tank_T72b_Tracks_N.ubulk" 640
"F:/SGA_UE4/UECPP_GetOutMyWay/Content/VigilanteContent/Vehicles/East_Tank_T72b/Materials/Textures/T_East_Tank_T72b_Tracks_D.uasset" 641
"F:/SGA_UE4/UECPP_GetOutMyWay/Content/VigilanteContent/Vehicles/East_Tank_T72b/Materials/Textures/T_East_Tank_T72b_Tracks_D.uexp" 642
"F:/SGA_UE4/UECPP_GetOutMyWay/Content/VigilanteContent/Vehicles/East_Tank_T72b/Materials/Textures/T_East_Tank_T72b_Tracks_D.ubulk" 643
"F:/SGA_UE4/UECPP_GetOutMyWay/Content/VigilanteContent/Vehicles/East_Tank_T72b/Materials/Textures/T_East_Tank_T72b_Tracks_ARM.uasset" 644
"F:/SGA_UE4/UECPP_GetOutMyWay/Content/VigilanteContent/Vehicles/East_Tank_T72b/Materials/Textures/T_East_Tank_T72b_Tracks_ARM.uexp" 645
"F:/SGA_UE4/UECPP_GetOutMyWay/Content/VigilanteContent/Vehicles/East_Tank_T72b/Materials/Textures/T_East_Tank_T72b_Tracks_ARM.ubulk" 646
"F:/SGA_UE4/UECPP_GetOutMyWay/Content/VigilanteContent/Shared/Materials/M_Master_Tracks.uasset" 647
"F:/SGA_UE4/UECPP_GetOutMyWay/Content/VigilanteContent/Shared/Materials/M_Master_Tracks.uexp" 648
"F:/SGA_UE4/UECPP_GetOutMyWay/Content/VigilanteContent/Vehicles/East_Tank_T72b/Materials/MI_East_Tank_T72b_Tracks.uasset" 649
"F:/SGA_UE4/UECPP_GetOutMyWay/Content/VigilanteContent/Vehicles/East_Tank_T72b/Materials/MI_East_Tank_T72b_Tracks.uexp" 650
"F:/SGA_UE4/UECPP_GetOutMyWay/Content/VigilanteContent/Vehicles/East_Tank_T72b/Materials/Textures/T_East_Tank_T72b_D.uasset" 651
"F:/SGA_UE4/UECPP_GetOutMyWay/Content/VigilanteContent/Vehicles/East_Tank_T72b/Materials/Textures/T_East_Tank_T72b_D.uexp" 652
"F:/SGA_UE4/UECPP_GetOutMyWay/Content/VigilanteContent/Vehicles/East_Tank_T72b/Materials/Textures/T_East_Tank_T72b_D.ubulk" 653
"F:/SGA_UE4/UECPP_GetOutMyWay/Content/VigilanteContent/Vehicles/East_Tank_T72b/Materials/Textures/T_East_Tank_T72b_Tan_D.uasset" 654
"F:/SGA_UE4/UECPP_GetOutMyWay/Content/VigilanteContent/Vehicles/East_Tank_T72b/Materials/Textures/T_East_Tank_T72b_Tan_D.uexp" 655
"F:/SGA_UE4/UECPP_GetOutMyWay/Content/VigilanteContent/Vehicles/East_Tank_T72b/Materials/Textures/T_East_Tank_T72b_Tan_D.ubulk" 656
"F:/SGA_UE4/UECPP_GetOutMyWay/Content/VigilanteContent/Vehicles/East_Tank_T72b/Materials/Textures/T_East_Tank_T72b_N.uasset" 657
"F:/SGA_UE4/UECPP_GetOutMyWay/Content/VigilanteContent/Vehicles/East_Tank_T72b/Materials/Textures/T_East_Tank_T72b_N.uexp" 658
"F:/SGA_UE4/UECPP_GetOutMyWay/Content/VigilanteContent/Vehicles/East_Tank_T72b/Materials/Textures/T_East_Tank_T72b_N.ubulk" 659
"F:/SGA_UE4/UECPP_GetOutMyWay/Content/VigilanteContent/Vehicles/East_Tank_T72b/Materials/Textures/T_East_Tank_T72b_E.uasset" 660
"F:/SGA_UE4/UECPP_GetOutMyWay/Content/VigilanteContent/Vehicles/East_Tank_T72b/Materials/Textures/T_East_Tank_T72b_E.uexp" 661
"F:/SGA_UE4/UECPP_GetOutMyWay/Content/VigilanteContent/Vehicles/East_Tank_T72b/Materials/Textures/T_East_Tank_T72b_E.ubulk" 662
"F:/SGA_UE4/UECPP_GetOutMyWay/Content/VigilanteContent/Vehicles/East_Tank_T72b/Materials/Textures/T_East_Tank_T72b_ARM.uasset" 663
"F:/SGA_UE4/UECPP_GetOutMyWay/Content/VigilanteContent/Vehicles/East_Tank_T72b/Materials/Textures/T_East_Tank_T72b_ARM.uexp" 664
"F:/SGA_UE4/UECPP_GetOutMyWay/Content/VigilanteContent/Vehicles/East_Tank_T72b/Materials/Textures/T_East_Tank_T72b_ARM.ubulk" 665
"F:/SGA_UE4/UECPP_GetOutMyWay/Content/VigilanteContent/Vehicles/East_Tank_T72b/Materials/MI_East_Tank_T72b_Body.uasset" 666
"F:/SGA_UE4/UECPP_GetOutMyWay/Content/VigilanteContent/Vehicles/East_Tank_T72b/Materials/MI_East_Tank_T72b_Body.uexp" 667
"F:/SGA_UE4/UECPP_GetOutMyWay/Content/VigilanteContent/Vehicles/East_Tank_T72b/T72BStaticMesh.uasset" 668
"F:/SGA_UE4/UECPP_GetOutMyWay/Content/VigilanteContent/Vehicles/East_Tank_T72b/T72BStaticMesh.uexp" 669
"../../../Engine/Content/MapTemplates/SM_Template_Map_Floor.uasset" 670
"../../../Engine/Content/MapTemplates/SM_Template_Map_Floor.uexp" 671
"F:/SGA_UE4/UECPP_GetOutMyWay/Content/VigilanteContent/Shared/Map/Platform/Cylinder/Materials/Textures/T_Platform_N.uasset" 672
"F:/SGA_UE4/UECPP_GetOutMyWay/Content/VigilanteContent/Shared/Map/Platform/Cylinder/Materials/Textures/T_Platform_N.uexp" 673
"F:/SGA_UE4/UECPP_GetOutMyWay/Content/VigilanteContent/Shared/Map/Platform/Cylinder/Materials/Textures/T_Platform_N.ubulk" 674
"F:/SGA_UE4/UECPP_GetOutMyWay/Content/VigilanteContent/Shared/Map/Platform/Cylinder/Materials/Textures/T_Platform_D.uasset" 675
"F:/SGA_UE4/UECPP_GetOutMyWay/Content/VigilanteContent/Shared/Map/Platform/Cylinder/Materials/Textures/T_Platform_D.uexp" 676
"F:/SGA_UE4/UECPP_GetOutMyWay/Content/VigilanteContent/Shared/Map/Platform/Cylinder/Materials/Textures/T_Platform_D.ubulk" 677
"F:/SGA_UE4/UECPP_GetOutMyWay/Content/VigilanteContent/Shared/Map/Platform/Cylinder/Materials/Textures/T_Platform_ARM.uasset" 678
"F:/SGA_UE4/UECPP_GetOutMyWay/Content/VigilanteContent/Shared/Map/Platform/Cylinder/Materials/Textures/T_Platform_ARM.uexp" 679
"F:/SGA_UE4/UECPP_GetOutMyWay/Content/VigilanteContent/Shared/Map/Platform/Cylinder/Materials/Textures/T_Platform_ARM.ubulk" 680
"F:/SGA_UE4/UECPP_GetOutMyWay/Content/VigilanteContent/Shared/Map/Platform/Cylinder/Materials/M_Platform.uasset" 681
"F:/SGA_UE4/UECPP_GetOutMyWay/Content/VigilanteContent/Shared/Map/Platform/Cylinder/Materials/M_Platform.uexp" 682
"F:/SGA_UE4/UECPP_GetOutMyWay/Content/Level/TestLobby_BuiltData.uasset" 683
"F:/SGA_UE4/UECPP_GetOutMyWay/Content/Level/TestLobby_BuiltData.uexp" 684
"F:/SGA_UE4/UECPP_GetOutMyWay/Content/Level/TestLobby_BuiltData.ubulk" 685
"F:/SGA_UE4/UECPP_GetOutMyWay/Content/Level/TestLobby.uexp" 686
"F:/SGA_UE4/UECPP_GetOutMyWay/Content/Level/TestLobby.umap" 687
"../../../Engine/Content/Maps/Entry_BuiltData.uasset" 688
"../../../Engine/Content/Maps/Entry_BuiltData.uexp" 689
"../../../Engine/Content/Maps/Entry.uexp" 690
"../../../Engine/Content/Maps/Entry.umap" 691
